<?xml version="1.0" encoding="UTF-8"?>
<!-- Generated by org.testng.reporters.JUnitXMLReporter -->
<testsuite ignored="19" hostname="DESKTOP-UD0VP2U" failures="1" tests="1" name="Default test" time="7.592" errors="0" timestamp="2025-06-10T13:18:23 IST">
  <testcase classname="tutorialsNinjaAllTestCases.RegisteAllTest" name="validateRegisterAcountwhetherTheMandatoryFieldsAreAcceptingOnlySpaces" time="1.212">
    <failure type="org.openqa.selenium.NoSuchElementException" message="no such element: Unable to locate element: {&amp;quot;method&amp;quot;:&amp;quot;link text&amp;quot;,&amp;quot;selector&amp;quot;:&amp;quot;Logout&amp;quot;}
  (Session info: chrome=137.0.7151.69)
For documentation on this error, please visit: https://www.selenium.dev/documentation/webdriver/troubleshooting/errors#no-such-element-exception
Build info: version: &amp;apos;4.32.0&amp;apos;, revision: &amp;apos;d17c8aa950&amp;apos;
System info: os.name: &amp;apos;Windows 10&amp;apos;, os.arch: &amp;apos;amd64&amp;apos;, os.version: &amp;apos;10.0&amp;apos;, java.version: &amp;apos;17.0.10&amp;apos;
Driver info: org.openqa.selenium.chrome.ChromeDriver
Command: [e5a5b8e0c36c39e341c6c6f93b372d1b, findElement {value=Logout, using=link text}]
Capabilities {acceptInsecureCerts: false, browserName: chrome, browserVersion: 137.0.7151.69, chrome: {chromedriverVersion: 137.0.7151.68 (2989ffee9373..., userDataDir: C:\Users\LENOVO\AppData\Loc...}, fedcm:accounts: true, goog:chromeOptions: {debuggerAddress: localhost:50896}, networkConnectionEnabled: false, pageLoadStrategy: normal, platformName: windows, proxy: Proxy(), se:cdp: ws://localhost:50896/devtoo..., se:cdpVersion: 137.0.7151.69, setWindowRect: true, strictFileInteractability: false, timeouts: {implicit: 0, pageLoad: 300000, script: 30000}, unhandledPromptBehavior: dismiss and notify, webauthn:extension:credBlob: true, webauthn:extension:largeBlob: true, webauthn:extension:minPinLength: true, webauthn:extension:prf: true, webauthn:virtualAuthenticators: true}
Session ID: e5a5b8e0c36c39e341c6c6f93b372d1b">
      <![CDATA[org.openqa.selenium.NoSuchElementException: no such element: Unable to locate element: {"method":"link text","selector":"Logout"}
  (Session info: chrome=137.0.7151.69)
For documentation on this error, please visit: https://www.selenium.dev/documentation/webdriver/troubleshooting/errors#no-such-element-exception
Build info: version: '4.32.0', revision: 'd17c8aa950'
System info: os.name: 'Windows 10', os.arch: 'amd64', os.version: '10.0', java.version: '17.0.10'
Driver info: org.openqa.selenium.chrome.ChromeDriver
Command: [e5a5b8e0c36c39e341c6c6f93b372d1b, findElement {value=Logout, using=link text}]
Capabilities {acceptInsecureCerts: false, browserName: chrome, browserVersion: 137.0.7151.69, chrome: {chromedriverVersion: 137.0.7151.68 (2989ffee9373..., userDataDir: C:\Users\LENOVO\AppData\Loc...}, fedcm:accounts: true, goog:chromeOptions: {debuggerAddress: localhost:50896}, networkConnectionEnabled: false, pageLoadStrategy: normal, platformName: windows, proxy: Proxy(), se:cdp: ws://localhost:50896/devtoo..., se:cdpVersion: 137.0.7151.69, setWindowRect: true, strictFileInteractability: false, timeouts: {implicit: 0, pageLoad: 300000, script: 30000}, unhandledPromptBehavior: dismiss and notify, webauthn:extension:credBlob: true, webauthn:extension:largeBlob: true, webauthn:extension:minPinLength: true, webauthn:extension:prf: true, webauthn:virtualAuthenticators: true}
Session ID: e5a5b8e0c36c39e341c6c6f93b372d1b
at java.base/jdk.internal.reflect.NativeConstructorAccessorImpl.newInstance0(Native Method)
at java.base/jdk.internal.reflect.NativeConstructorAccessorImpl.newInstance(NativeConstructorAccessorImpl.java:77)
at java.base/jdk.internal.reflect.DelegatingConstructorAccessorImpl.newInstance(DelegatingConstructorAccessorImpl.java:45)
at java.base/java.lang.reflect.Constructor.newInstanceWithCaller(Constructor.java:499)
at java.base/java.lang.reflect.Constructor.newInstance(Constructor.java:480)
at org.openqa.selenium.remote.ErrorCodec.decode(ErrorCodec.java:167)
at org.openqa.selenium.remote.codec.w3c.W3CHttpResponseCodec.decode(W3CHttpResponseCodec.java:138)
at org.openqa.selenium.remote.codec.w3c.W3CHttpResponseCodec.decode(W3CHttpResponseCodec.java:50)
at org.openqa.selenium.remote.HttpCommandExecutor.execute(HttpCommandExecutor.java:215)
at org.openqa.selenium.remote.service.DriverCommandExecutor.invokeExecute(DriverCommandExecutor.java:216)
at org.openqa.selenium.remote.service.DriverCommandExecutor.execute(DriverCommandExecutor.java:174)
at org.openqa.selenium.remote.RemoteWebDriver.execute(RemoteWebDriver.java:545)
at org.openqa.selenium.remote.ElementLocation$ElementFinder$2.findElement(ElementLocation.java:165)
at org.openqa.selenium.remote.ElementLocation.findElement(ElementLocation.java:59)
at org.openqa.selenium.remote.RemoteWebDriver.findElement(RemoteWebDriver.java:368)
at org.openqa.selenium.remote.RemoteWebDriver.findElement(RemoteWebDriver.java:362)
at org.openqa.selenium.support.pagefactory.DefaultElementLocator.findElement(DefaultElementLocator.java:68)
at org.openqa.selenium.support.pagefactory.internal.LocatingElementHandler.invoke(LocatingElementHandler.java:38)
at jdk.proxy2/jdk.proxy2.$Proxy12.isDisplayed(Unknown Source)
at pageObjectsRepo.AccountSuccessPage.isUserLoggedIn(AccountSuccessPage.java:27)
at tutorialsNinjaAllTestCases.RegisteAllTest.validateRegisterAcountwhetherTheMandatoryFieldsAreAcceptingOnlySpaces(RegisteAllTest.java:333)
at java.base/jdk.internal.reflect.NativeMethodAccessorImpl.invoke0(Native Method)
at java.base/jdk.internal.reflect.NativeMethodAccessorImpl.invoke(NativeMethodAccessorImpl.java:77)
at java.base/jdk.internal.reflect.DelegatingMethodAccessorImpl.invoke(DelegatingMethodAccessorImpl.java:43)
at java.base/java.lang.reflect.Method.invoke(Method.java:568)
at org.testng.internal.MethodInvocationHelper.invokeMethod(MethodInvocationHelper.java:133)
at org.testng.internal.TestInvoker.invokeMethod(TestInvoker.java:598)
at org.testng.internal.TestInvoker.invokeTestMethod(TestInvoker.java:173)
at org.testng.internal.MethodRunner.runInSequence(MethodRunner.java:46)
at org.testng.internal.TestInvoker$MethodInvocationAgent.invoke(TestInvoker.java:824)
at org.testng.internal.TestInvoker.invokeTestMethods(TestInvoker.java:146)
at org.testng.internal.TestMethodWorker.invokeTestMethods(TestMethodWorker.java:146)
at org.testng.internal.TestMethodWorker.run(TestMethodWorker.java:128)
at java.base/java.util.ArrayList.forEach(ArrayList.java:1511)
at org.testng.TestRunner.privateRun(TestRunner.java:794)
at org.testng.TestRunner.run(TestRunner.java:596)
at org.testng.SuiteRunner.runTest(SuiteRunner.java:377)
at org.testng.SuiteRunner.runSequentially(SuiteRunner.java:371)
at org.testng.SuiteRunner.privateRun(SuiteRunner.java:332)
at org.testng.SuiteRunner.run(SuiteRunner.java:276)
at org.testng.SuiteRunnerWorker.runSuite(SuiteRunnerWorker.java:53)
at org.testng.SuiteRunnerWorker.run(SuiteRunnerWorker.java:96)
at org.testng.TestNG.runSuitesSequentially(TestNG.java:1212)
at org.testng.TestNG.runSuitesLocally(TestNG.java:1134)
at org.testng.TestNG.runSuites(TestNG.java:1063)
at org.testng.TestNG.run(TestNG.java:1031)
at org.testng.remote.AbstractRemoteTestNG.run(AbstractRemoteTestNG.java:115)
at org.testng.remote.RemoteTestNG.initAndRun(RemoteTestNG.java:293)
at org.testng.remote.RemoteTestNG.main(RemoteTestNG.java:91)
]]>
    </failure>
  </testcase> <!-- validateRegisterAcountwhetherTheMandatoryFieldsAreAcceptingOnlySpaces -->
  <testcase classname="tutorialsNinjaAllTestCases.RegisteAllTest" name="verifyRegisterAccountInAllEnvironments" time="0.0">
    <ignored/>
  </testcase> <!-- verifyRegisterAccountInAllEnvironments -->
  <testcase classname="tutorialsNinjaAllTestCases.RegisteAllTest" name="verifyRegistingAccountUsingMandtoryFields" time="0.0">
    <ignored/>
  </testcase> <!-- verifyRegistingAccountUsingMandtoryFields -->
  <testcase classname="tutorialsNinjaAllTestCases.RegisteAllTest" name="verifyRegisterAccountByFillingPasswordAndNotFillingPasswordConfirmField" time="0.0">
    <ignored/>
  </testcase> <!-- verifyRegisterAccountByFillingPasswordAndNotFillingPasswordConfirmField -->
  <testcase classname="tutorialsNinjaAllTestCases.RegisteAllTest" name="verifyRegisteringAccountwothoutSelectPrivacyPolicyField" time="0.0">
    <ignored/>
  </testcase> <!-- verifyRegisteringAccountwothoutSelectPrivacyPolicyField -->
  <testcase classname="tutorialsNinjaAllTestCases.RegisteAllTest" name="verifyRegisterWhenNoOptionIsSelectedForNewsletterField" time="0.0">
    <ignored/>
  </testcase> <!-- verifyRegisterWhenNoOptionIsSelectedForNewsletterField -->
  <testcase classname="tutorialsNinjaAllTestCases.RegisteAllTest" name="verifyRegisterWithoutProvidingAnyFields" time="0.0">
    <ignored/>
  </testcase> <!-- verifyRegisterWithoutProvidingAnyFields -->
  <testcase classname="tutorialsNinjaAllTestCases.RegisteAllTest" name="verifyRegisterAccountWhetheTheePrivacyPolicyFieldNotSelectedByDefault" time="0.0">
    <ignored/>
  </testcase> <!-- verifyRegisterAccountWhetheTheePrivacyPolicyFieldNotSelectedByDefault -->
  <testcase classname="tutorialsNinjaAllTestCases.RegisteAllTest" name="verifyRegisteringAccountByProvidingMismatchingPasswords" time="0.0">
    <ignored/>
  </testcase> <!-- verifyRegisteringAccountByProvidingMismatchingPasswords -->
  <testcase classname="tutorialsNinjaAllTestCases.RegisteAllTest" name="verifyRegisteringAccountByProvidingExistingAcountDetails" time="0.0">
    <ignored/>
  </testcase> <!-- verifyRegisteringAccountByProvidingExistingAcountDetails -->
  <testcase classname="tutorialsNinjaAllTestCases.RegisteAllTest" name="verifyRegisteringAccountPasswordFieldsForSecurity" time="0.0">
    <ignored/>
  </testcase> <!-- verifyRegisteringAccountPasswordFieldsForSecurity -->
  <testcase classname="tutorialsNinjaAllTestCases.RegisteAllTest" name="validateregisteringAnAccountByprovidingAllTheFields" time="0.0">
    <ignored/>
  </testcase> <!-- validateregisteringAnAccountByprovidingAllTheFields -->
  <testcase classname="tutorialsNinjaAllTestCases.RegisteAllTest" name="validateDifferentWysOfNavigatingToRegisterAccountPage" time="0.0">
    <ignored/>
  </testcase> <!-- validateDifferentWysOfNavigatingToRegisterAccountPage -->
  <testcase classname="tutorialsNinjaAllTestCases.RegisteAllTest" name="verifyRegisterWhenYesOptionIsSelectedForNewsletterField" time="0.0">
    <ignored/>
  </testcase> <!-- verifyRegisterWhenYesOptionIsSelectedForNewsletterField -->
  <testcase classname="tutorialsNinjaAllTestCases.RegisteAllTest" name="verifyRegisterAccountByKeyboardKeys" time="0.0">
    <ignored/>
  </testcase> <!-- verifyRegisterAccountByKeyboardKeys -->
  <testcase classname="tutorialsNinjaAllTestCases.RegisteAllTest" name="verifyRegisterAccountPageBreadcrumbURLTitleHeading" time="0.0">
    <ignored/>
  </testcase> <!-- verifyRegisterAccountPageBreadcrumbURLTitleHeading -->
  <testcase classname="tutorialsNinjaAllTestCases.RegisteAllTest" name="verifyRegisterAccountUsingLeadingAndTrailingSpacesAreTrimmedAutomatic" time="0.0">
    <ignored/>
  </testcase> <!-- verifyRegisterAccountUsingLeadingAndTrailingSpacesAreTrimmedAutomatic -->
  <testcase classname="tutorialsNinjaAllTestCases.RegisteAllTest" name="verifyRegisteringAccountByProvidingInvalidePhoneNumber" time="0.0">
    <ignored/>
  </testcase> <!-- verifyRegisteringAccountByProvidingInvalidePhoneNumber -->
  <testcase classname="tutorialsNinjaAllTestCases.RegisteAllTest" name="verifyRegisterAccountPagePlaceholders" time="0.0">
    <ignored/>
  </testcase> <!-- verifyRegisterAccountPagePlaceholders -->
  <testcase classname="tutorialsNinjaAllTestCases.RegisteAllTest" name="verifyRegisteringAccountByProvidingInvalideEmail" time="0.0">
    <ignored/>
  </testcase> <!-- verifyRegisteringAccountByProvidingInvalideEmail -->
</testsuite> <!-- Default test -->
