<?xml version="1.0" encoding="UTF-8"?>
<!-- Generated by org.testng.reporters.JUnitXMLReporter -->
<testsuite ignored="0" hostname="DESKTOP-UD0VP2U" failures="0" tests="7" name="Default test" time="54.972" errors="0" timestamp="2025-05-26T11:44:51 IST">
  <testcase classname="tutorialsNinjaAllTestCases.RegisteAllTest" name="verifyRegistingAccountUsingMandtoryFields" time="3.252"/>
  <testcase classname="tutorialsNinjaAllTestCases.RegisteAllTest" name="validateregisteringAnAccountByprovidingAllTheFields" time="3.076"/>
  <testcase classname="tutorialsNinjaAllTestCases.RegisteAllTest" name="verifyRegisterWithoutProvidingAnyFields" time="1.44"/>
  <testcase classname="tutorialsNinjaAllTestCases.RegisteAllTest" name="verifyRegisterWhenYesOptionIsSelectedForNewsletterField" time="3.61"/>
  <testcase classname="tutorialsNinjaAllTestCases.RegisteAllTest" name="verifyRegisterWhenNoOptionIsSelectedForNewsletterField" time="3.57"/>
  <testcase classname="tutorialsNinjaAllTestCases.RegisteAllTest" name="validateDifferentWysOfNavigatingToRegisterAccountPage" time="7.082"/>
  <testcase classname="tutorialsNinjaAllTestCases.RegisteAllTest" name="verifyRegisteringAccountByProvidingMismatchingPasswords" time="7.149"/>
</testsuite> <!-- Default test -->
