<?xml version="1.0" encoding="UTF-8"?>
<!-- Generated by org.testng.reporters.JUnitXMLReporter -->
<testsuite ignored="8" hostname="DESKTOP-UD0VP2U" failures="0" tests="1" name="Default test" time="12.413" errors="0" timestamp="2026-03-18T12:58:01 IST">
  <testcase classname="tutorialsNinjaAllTestCases.ScarchAllTest" name="verifySearchBySelectingTheCategory" time="3.772"/>
  <testcase classname="tutorialsNinjaAllTestCases.ScarchAllTest" name="verifySearchFunctionalityFieldsPlaceHolders" time="0.0">
    <ignored/>
  </testcase> <!-- verifySearchFunctionalityFieldsPlaceHolders -->
  <testcase classname="tutorialsNinjaAllTestCases.ScarchAllTest" name="verifyProductSeachResultingMultipleProducts" time="0.0">
    <ignored/>
  </testcase> <!-- verifyProductSeachResultingMultipleProducts -->
  <testcase classname="tutorialsNinjaAllTestCases.ScarchAllTest" name="VerifyScarchingWithoutProvidingProductName" time="0.0">
    <ignored/>
  </testcase> <!-- VerifyScarchingWithoutProvidingProductName -->
  <testcase classname="tutorialsNinjaAllTestCases.ScarchAllTest" name="validateSearchingForAProductAfterLoginTheApplication" time="0.0">
    <ignored/>
  </testcase> <!-- validateSearchingForAProductAfterLoginTheApplication -->
  <testcase classname="tutorialsNinjaAllTestCases.ScarchAllTest" name="VerifyScarchingWithAnExistingProductName" time="0.0">
    <ignored/>
  </testcase> <!-- VerifyScarchingWithAnExistingProductName -->
  <testcase classname="tutorialsNinjaAllTestCases.ScarchAllTest" name="VerifyScarchingWithAnNonExistingProductName" time="0.0">
    <ignored/>
  </testcase> <!-- VerifyScarchingWithAnNonExistingProductName -->
  <testcase classname="tutorialsNinjaAllTestCases.ScarchAllTest" name="verifySearchFunctionalityUsingSearchCriteriaField" time="0.0">
    <ignored/>
  </testcase> <!-- verifySearchFunctionalityUsingSearchCriteriaField -->
  <testcase classname="tutorialsNinjaAllTestCases.ScarchAllTest" name="verifySearchUsingTextInProductDescription" time="0.0">
    <ignored/>
  </testcase> <!-- verifySearchUsingTextInProductDescription -->
</testsuite> <!-- Default test -->
