<?xml version="1.0" encoding="UTF-8"?>
<!-- Generated by org.testng.reporters.JUnitXMLReporter -->
<testsuite ignored="5" hostname="DESKTOP-UD0VP2U" failures="0" tests="1" name="Default test" time="8.229" errors="0" timestamp="2025-06-17T15:39:47 IST">
  <testcase classname="tutorialsNinjaAllTestCases.LoginAllTest" name="verifyForgottenPasswordOptionIsAvailable" time="2.521"/>
  <testcase classname="tutorialsNinjaAllTestCases.LoginAllTest" name="verifyLoggingIntoApplicationWithoutProvidingAnyCreadencial" time="0.0">
    <ignored/>
  </testcase> <!-- verifyLoggingIntoApplicationWithoutProvidingAnyCreadencial -->
  <testcase classname="tutorialsNinjaAllTestCases.LoginAllTest" name="loginWithValidCredentials" time="0.0">
    <ignored/>
  </testcase> <!-- loginWithValidCredentials -->
  <testcase classname="tutorialsNinjaAllTestCases.LoginAllTest" name="verifyLoggingIntoApplicationUsingInvalidEmailAndValidPassword" time="0.0">
    <ignored/>
  </testcase> <!-- verifyLoggingIntoApplicationUsingInvalidEmailAndValidPassword -->
  <testcase classname="tutorialsNinjaAllTestCases.LoginAllTest" name="verifyLoggingIntoApplicationUsingValidEmailAndInvalidPassword" time="0.0">
    <ignored/>
  </testcase> <!-- verifyLoggingIntoApplicationUsingValidEmailAndInvalidPassword -->
  <testcase classname="tutorialsNinjaAllTestCases.LoginAllTest" name="verifyLoggingIntoApplicationUsingInvalidCredentials" time="0.0">
    <ignored/>
  </testcase> <!-- verifyLoggingIntoApplicationUsingInvalidCredentials -->
</testsuite> <!-- Default test -->
