<?xml version="1.0" encoding="UTF-8"?>
<!-- Generated by org.testng.reporters.JUnitXMLReporter -->
<testsuite ignored="9" hostname="DESKTOP-UD0VP2U" failures="0" tests="1" name="Test" time="7.804" errors="0" timestamp="2025-06-08T11:52:49 IST">
  <testcase classname="tutorialsNinjaAllTestCases.RegisteAllTest" name="validateDifferentWysOfNavigatingToRegisterAccountPage" time="2.429"/>
  <testcase classname="tutorialsNinjaAllTestCases.RegisteAllTest" name="verifyRegistingAccountUsingMandtoryFields" time="0.0">
    <ignored/>
  </testcase> <!-- verifyRegistingAccountUsingMandtoryFields -->
  <testcase classname="tutorialsNinjaAllTestCases.RegisteAllTest" name="verifyRegisterWhenNoOptionIsSelectedForNewsletterField" time="0.0">
    <ignored/>
  </testcase> <!-- verifyRegisterWhenNoOptionIsSelectedForNewsletterField -->
  <testcase classname="tutorialsNinjaAllTestCases.RegisteAllTest" name="verifyRegisterWithoutProvidingAnyFields" time="0.0">
    <ignored/>
  </testcase> <!-- verifyRegisterWithoutProvidingAnyFields -->
  <testcase classname="tutorialsNinjaAllTestCases.RegisteAllTest" name="verifyRegisteringAccountByProvidingInvalidePhoneNumber" time="0.0">
    <ignored/>
  </testcase> <!-- verifyRegisteringAccountByProvidingInvalidePhoneNumber -->
  <testcase classname="tutorialsNinjaAllTestCases.RegisteAllTest" name="verifyRegisteringAccountByProvidingMismatchingPasswords" time="0.0">
    <ignored/>
  </testcase> <!-- verifyRegisteringAccountByProvidingMismatchingPasswords -->
  <testcase classname="tutorialsNinjaAllTestCases.RegisteAllTest" name="verifyRegisteringAccountByProvidingExistingAcountDetails" time="0.0">
    <ignored/>
  </testcase> <!-- verifyRegisteringAccountByProvidingExistingAcountDetails -->
  <testcase classname="tutorialsNinjaAllTestCases.RegisteAllTest" name="validateregisteringAnAccountByprovidingAllTheFields" time="0.0">
    <ignored/>
  </testcase> <!-- validateregisteringAnAccountByprovidingAllTheFields -->
  <testcase classname="tutorialsNinjaAllTestCases.RegisteAllTest" name="verifyRegisteringAccountByProvidingInvalideEmail" time="0.0">
    <ignored/>
  </testcase> <!-- verifyRegisteringAccountByProvidingInvalideEmail -->
  <testcase classname="tutorialsNinjaAllTestCases.RegisteAllTest" name="verifyRegisterWhenYesOptionIsSelectedForNewsletterField" time="0.0">
    <ignored/>
  </testcase> <!-- verifyRegisterWhenYesOptionIsSelectedForNewsletterField -->
</testsuite> <!-- Test -->
