<?xml version="1.0" encoding="UTF-8"?>
<testng-results ignored="0" total="1" passed="1" failed="0" skipped="0">
  <reporter-output>
  </reporter-output>
  <suite started-at="2025-05-26T11:58:55 IST" name="Suite" finished-at="2025-05-26T11:59:06 IST" duration-ms="11084">
    <groups>
    </groups>
    <test started-at="2025-05-26T11:58:55 IST" name="Test" finished-at="2025-05-26T11:59:06 IST" duration-ms="11084">
      <class name="tutorialsNinjaAllTestCases.RegisteAllTest">
        <test-method is-config="true" signature="setup(java.lang.String,java.lang.String)[pri:0, instance:tutorialsNinjaAllTestCases.RegisteAllTest@7e8dcdaa]" started-at="2025-05-26T11:58:55 IST" name="setup" finished-at="2025-05-26T11:58:59 IST" duration-ms="3705" status="PASS">
          <params>
            <param index="0">
              <value>
                <![CDATA[windows]]>
              </value>
            </param>
            <param index="1">
              <value>
                <![CDATA[chrome]]>
              </value>
            </param>
          </params>
          <reporter-output>
          </reporter-output>
        </test-method> <!-- setup -->
        <test-method signature="verifyRegisteringAccountByProvidingExistingAcountDetails()[pri:8, instance:tutorialsNinjaAllTestCases.RegisteAllTest@7e8dcdaa]" started-at="2025-05-26T11:58:59 IST" name="verifyRegisteringAccountByProvidingExistingAcountDetails" finished-at="2025-05-26T11:59:06 IST" duration-ms="7179" status="PASS">
          <reporter-output>
          </reporter-output>
        </test-method> <!-- verifyRegisteringAccountByProvidingExistingAcountDetails -->
        <test-method is-config="true" signature="teardown()[pri:0, instance:tutorialsNinjaAllTestCases.RegisteAllTest@7e8dcdaa]" started-at="2025-05-26T11:59:06 IST" name="teardown" finished-at="2025-05-26T11:59:06 IST" duration-ms="152" status="PASS">
          <reporter-output>
          </reporter-output>
        </test-method> <!-- teardown -->
      </class> <!-- tutorialsNinjaAllTestCases.RegisteAllTest -->
    </test> <!-- Test -->
  </suite> <!-- Suite -->
</testng-results>
